mkdir: cannot create directory `/medical_genomics/medip_seq/head_neck/merged_alignments_060111/useq_pipe_out_100111/cnv_frag_norm_HN_HPVpos_HPVneg_v5/annotation_files/': File exists
perl /home/POGBDOM/regmgw1/regmgw1_scripts/useq_pipe/v0_2//peak_cg_bedtools.pl /san1_data/genomic_data/human/GRCh37/human_GRCh37.fa /medical_genomics/medip_seq/head_neck/merged_alignments_060111/useq_pipe_out_100111/cnv_frag_norm_HN_HPVpos_HPVneg_v5 /medical_genomics/medip_seq/head_neck/merged_alignments_060111/useq_pipe_out_100111/cnv_frag_norm_HN_HPVpos_HPVneg_v5/peakDir.list /medical_genomics/genomic_features/human_GRCh37_60/genes/genes.gff 10000 5000 /medical_genomics/medip_seq/head_neck/merged_alignments_060111/useq_pipe_out_100111/cnv_frag_norm_HN_HPVpos_HPVneg_v5/annotation_files/
mkdir: cannot create directory `/medical_genomics/medip_seq/head_neck/merged_alignments_060111/useq_pipe_out_100111/cnv_noFrag_norm_HN_HPVpos_HPVneg/annotation_files': File exists
perl /home/POGBDOM/regmgw1/regmgw1_scripts/useq_pipe/v0_2//peak_cg_bedtools.pl /san1_data/genomic_data/human/GRCh37/human_GRCh37.fa /medical_genomics/medip_seq/head_neck/merged_alignments_060111/useq_pipe_out_100111/cnv_noFrag_norm_HN_HPVpos_HPVneg /medical_genomics/medip_seq/head_neck/merged_alignments_060111/useq_pipe_out_100111/cnv_noFrag_norm_HN_HPVpos_HPVneg/peakDir.list /medical_genomics/genomic_features/human_GRCh37_60/genes/genes.gff 10000 5000 /medical_genomics/medip_seq/head_neck/merged_alignments_060111/useq_pipe_out_100111/cnv_noFrag_norm_HN_HPVpos_HPVneg/annotation_files
mkdir: cannot create directory `/medical_genomics/medip_seq/head_neck/merged_alignments_060111/useq_pipe_out_100111/frag_norm_HN_HPVpos_HPVneg/annotation_files': File exists
perl /home/POGBDOM/regmgw1/regmgw1_scripts/useq_pipe/v0_2//peak_cg_bedtools.pl /san1_data/genomic_data/human/GRCh37/human_GRCh37.fa /medical_genomics/medip_seq/head_neck/merged_alignments_060111/useq_pipe_out_100111/frag_norm_HN_HPVpos_HPVneg /medical_genomics/medip_seq/head_neck/merged_alignments_060111/useq_pipe_out_100111/frag_norm_HN_HPVpos_HPVneg/peakDir.list /medical_genomics/genomic_features/human_GRCh37_60/genes/genes.gff 10000 5000 /medical_genomics/medip_seq/head_neck/merged_alignments_060111/useq_pipe_out_100111/frag_norm_HN_HPVpos_HPVneg/annotation_files
mkdir: cannot create directory `/medical_genomics/medip_seq/head_neck/merged_alignments_060111/useq_pipe_out_100111/noFrag_norm_HN_HPVpos_HPVneg/annotation_files': File exists
perl /home/POGBDOM/regmgw1/regmgw1_scripts/useq_pipe/v0_2//peak_cg_bedtools.pl /san1_data/genomic_data/human/GRCh37/human_GRCh37.fa /medical_genomics/medip_seq/head_neck/merged_alignments_060111/useq_pipe_out_100111/noFrag_norm_HN_HPVpos_HPVneg /medical_genomics/medip_seq/head_neck/merged_alignments_060111/useq_pipe_out_100111/noFrag_norm_HN_HPVpos_HPVneg/peakDir.list /medical_genomics/genomic_features/human_GRCh37_60/genes/genes.gff 10000 5000 /medical_genomics/medip_seq/head_neck/merged_alignments_060111/useq_pipe_out_100111/noFrag_norm_HN_HPVpos_HPVneg/annotation_files
perl /home/POGBDOM/regmgw1/regmgw1_scripts/useq_pipe/v0_2//peak_explorer_bedtools.pl ../sample.list ../ /medical_genomics/medip_seq/head_neck/merged_alignments_060111/useq_pipe_out_100111/cnv_frag_norm_HN_HPVpos_HPVneg_v5 /medical_genomics/medip_seq/head_neck/merged_alignments_060111/useq_pipe_out_100111/cnv_frag_norm_HN_HPVpos_HPVneg_v5/peakDir.list /medical_genomics/medip_seq/head_neck/merged_alignments_060111/useq_pipe_out_100111/cnv_frag_norm_HN_HPVpos_HPVneg_v5/annotation_files/
normalised_HN105
perl /home/POGBDOM/regmgw1/regmgw1_scripts/useq_pipe/v0_2//peak_explorer_bedtools.pl ../sample.list ../ /medical_genomics/medip_seq/head_neck/merged_alignments_060111/useq_pipe_out_100111/cnv_noFrag_norm_HN_HPVpos_HPVneg /medical_genomics/medip_seq/head_neck/merged_alignments_060111/useq_pipe_out_100111/cnv_noFrag_norm_HN_HPVpos_HPVneg/peakDir.list /medical_genomics/medip_seq/head_neck/merged_alignments_060111/useq_pipe_out_100111/cnv_noFrag_norm_HN_HPVpos_HPVneg/annotation_files
normalised_HN105
normalised_HN125
normalised_HN125
normalised_HN29
normalised_HN29
perl /home/POGBDOM/regmgw1/regmgw1_scripts/useq_pipe/v0_2//peak_explorer_bedtools.pl ../sample.list ../ /medical_genomics/medip_seq/head_neck/merged_alignments_060111/useq_pipe_out_100111/frag_norm_HN_HPVpos_HPVneg /medical_genomics/medip_seq/head_neck/merged_alignments_060111/useq_pipe_out_100111/frag_norm_HN_HPVpos_HPVneg/peakDir.list /medical_genomics/medip_seq/head_neck/merged_alignments_060111/useq_pipe_out_100111/frag_norm_HN_HPVpos_HPVneg/annotation_files
normalised_HN105
normalised_HN32
perl /home/POGBDOM/regmgw1/regmgw1_scripts/useq_pipe/v0_2//peak_explorer_bedtools.pl ../sample.list ../ /medical_genomics/medip_seq/head_neck/merged_alignments_060111/useq_pipe_out_100111/noFrag_norm_HN_HPVpos_HPVneg /medical_genomics/medip_seq/head_neck/merged_alignments_060111/useq_pipe_out_100111/noFrag_norm_HN_HPVpos_HPVneg/peakDir.list /medical_genomics/medip_seq/head_neck/merged_alignments_060111/useq_pipe_out_100111/noFrag_norm_HN_HPVpos_HPVneg/annotation_files
normalised_HN105
normalised_HN125
normalised_HN32
normalised_HN125
normalised_HN39
normalised_HN29
normalised_HN39
normalised_HN29
normalised_HN96
normalised_HN96
normalised_HN32
normalised_HN105
normalised_HN32
normalised_HN105
normalised_HN125
normalised_HN39
normalised_HN125
normalised_HN39
normalised_HN96
normalised_HN29
normalised_HN96
normalised_HN29
normalised_HN105
normalised_HN32
normalised_HN105
normalised_HN125
normalised_HN32
normalised_HN125
normalised_HN39
normalised_HN29
normalised_HN39
normalised_HN96
normalised_HN29
normalised_HN32
normalised_HN96
normalised_HN105
normalised_HN32
normalised_HN105
normalised_HN125
normalised_HN39
normalised_HN125
normalised_HN39
normalised_HN96
normalised_HN29
normalised_HN29
normalised_HN96
normalised_HN105
normalised_HN32
normalised_HN105
normalised_HN125
normalised_HN32
normalised_HN125
normalised_HN39
normalised_HN29
normalised_HN39
normalised_HN96
normalised_HN29
normalised_HN32
normalised_HN96
normalised_HN105
normalised_HN32
normalised_HN105
normalised_HN125
normalised_HN39
normalised_HN125
normalised_HN39
normalised_HN96
normalised_HN29
normalised_HN96
normalised_HN29
normalised_HN105
normalised_HN32
normalised_HN105
normalised_HN125
normalised_HN32
normalised_HN125
normalised_HN39
normalised_HN29
normalised_HN39
normalised_HN96
normalised_HN29
normalised_HN32
normalised_HN96
normalised_HN105
normalised_HN32
normalised_HN105
normalised_HN125
normalised_HN39
normalised_HN125
normalised_HN39
normalised_HN96
normalised_HN29
normalised_HN96
normalised_HN29
normalised_HN105
normalised_HN32
normalised_HN105
normalised_HN125
normalised_HN32
normalised_HN125
normalised_HN39
normalised_HN29
normalised_HN39
normalised_HN29
normalised_HN96
normalised_HN32
normalised_HN96
normalised_HN105
normalised_HN32
normalised_HN105
normalised_HN125
normalised_HN39
normalised_HN125
normalised_HN39
normalised_HN96
normalised_HN29
normalised_HN96
normalised_HN29
normalised_HN105
normalised_HN32
normalised_HN105
normalised_HN125
normalised_HN32
normalised_HN125
normalised_HN39
normalised_HN29
normalised_HN39
normalised_HN29
normalised_HN96
normalised_HN32
normalised_HN96
normalised_HN105
normalised_HN32
normalised_HN105
normalised_HN125
normalised_HN39
normalised_HN125
normalised_HN39
normalised_HN96
normalised_HN29
normalised_HN96
normalised_HN29
normalised_HN105
normalised_HN32
normalised_HN105
normalised_HN125
normalised_HN32
normalised_HN125
normalised_HN39
normalised_HN29
normalised_HN39
normalised_HN29
normalised_HN96
normalised_HN32
normalised_HN96
normalised_HN105
normalised_HN32
normalised_HN105
normalised_HN125
normalised_HN39
normalised_HN125
normalised_HN39
normalised_HN96
normalised_HN29
normalised_HN96
normalised_HN29
normalised_HN105
normalised_HN32
normalised_HN105
normalised_HN125
normalised_HN32
normalised_HN125
normalised_HN39
normalised_HN29
normalised_HN29
normalised_HN39
normalised_HN96
normalised_HN32
normalised_HN96
perl /home/POGBDOM/regmgw1/regmgw1_scripts/useq_pipe/v0_2//peaks_in_features_bedtools_wrap.pl /medical_genomics/medip_seq/head_neck/merged_alignments_060111/useq_pipe_out_100111/cnv_frag_norm_HN_HPVpos_HPVneg_v5 /medical_genomics/medip_seq/head_neck/merged_alignments_060111/useq_pipe_out_100111/cnv_frag_norm_HN_HPVpos_HPVneg_v5/peakDir.list /medical_genomics/genomic_features/human_GRCh37_60/features.list /medical_genomics/genomic_features/human_GRCh37_60/repeat_familes.txt /medical_genomics/genomic_features/human_GRCh37_60/ 0.25 0 /medical_genomics/medip_seq/head_neck/merged_alignments_060111/useq_pipe_out_100111/cnv_frag_norm_HN_HPVpos_HPVneg_v5/annotation_files/
cpg_islands
cpg_shores_2000
exons
normalised_HN32
introns
perl /home/POGBDOM/regmgw1/regmgw1_scripts/useq_pipe/v0_2//peaks_in_features_bedtools_wrap.pl /medical_genomics/medip_seq/head_neck/merged_alignments_060111/useq_pipe_out_100111/cnv_noFrag_norm_HN_HPVpos_HPVneg /medical_genomics/medip_seq/head_neck/merged_alignments_060111/useq_pipe_out_100111/cnv_noFrag_norm_HN_HPVpos_HPVneg/peakDir.list /medical_genomics/genomic_features/human_GRCh37_60/features.list /medical_genomics/genomic_features/human_GRCh37_60/repeat_familes.txt /medical_genomics/genomic_features/human_GRCh37_60/ 0.25 0 /medical_genomics/medip_seq/head_neck/merged_alignments_060111/useq_pipe_out_100111/cnv_noFrag_norm_HN_HPVpos_HPVneg/annotation_files
cpg_islands
cpg_shores_2000
exons
transcripts
normalised_HN39
genes
intergenics
promoters
miscs
renlab_promoters
renlab_enhancers
ren_prom_shores_2000
enhancer_shores_2000
LINE
introns
normalised_HN39
transcripts
normalised_HN96
genes
intergenics
promoters
miscs
renlab_promoters
renlab_enhancers
ren_prom_shores_2000
enhancer_shores_2000
LINE
normalised_HN96
perl /home/POGBDOM/regmgw1/regmgw1_scripts/useq_pipe/v0_2//peaks_in_features_bedtools_wrap.pl /medical_genomics/medip_seq/head_neck/merged_alignments_060111/useq_pipe_out_100111/frag_norm_HN_HPVpos_HPVneg /medical_genomics/medip_seq/head_neck/merged_alignments_060111/useq_pipe_out_100111/frag_norm_HN_HPVpos_HPVneg/peakDir.list /medical_genomics/genomic_features/human_GRCh37_60/features.list /medical_genomics/genomic_features/human_GRCh37_60/repeat_familes.txt /medical_genomics/genomic_features/human_GRCh37_60/ 0.25 0 /medical_genomics/medip_seq/head_neck/merged_alignments_060111/useq_pipe_out_100111/frag_norm_HN_HPVpos_HPVneg/annotation_files
cpg_islands
cpg_shores_2000
exons
introns
perl /home/POGBDOM/regmgw1/regmgw1_scripts/useq_pipe/v0_2//peaks_in_features_bedtools_wrap.pl /medical_genomics/medip_seq/head_neck/merged_alignments_060111/useq_pipe_out_100111/noFrag_norm_HN_HPVpos_HPVneg /medical_genomics/medip_seq/head_neck/merged_alignments_060111/useq_pipe_out_100111/noFrag_norm_HN_HPVpos_HPVneg/peakDir.list /medical_genomics/genomic_features/human_GRCh37_60/features.list /medical_genomics/genomic_features/human_GRCh37_60/repeat_familes.txt /medical_genomics/genomic_features/human_GRCh37_60/ 0.25 0 /medical_genomics/medip_seq/head_neck/merged_alignments_060111/useq_pipe_out_100111/noFrag_norm_HN_HPVpos_HPVneg/annotation_files
cpg_islands
cpg_shores_2000
exons
transcripts
genes
intergenics
promoters
miscs
renlab_promoters
renlab_enhancers
introns
ren_prom_shores_2000
enhancer_shores_2000
LINE
transcripts
genes
intergenics
promoters
miscs
renlab_promoters
renlab_enhancers
ren_prom_shores_2000
enhancer_shores_2000
SINE
LINE
SINE
SINE
SINE
RNA
RNA
RNA
DNA
DNA
RNA
DNA
Satellite
DNA
Satellite
Satellite
LTR
LTR
Satellite
LTR
Other
LTR
Other
Other
cpg_islands
cpg_shores_2000
exons
introns
cpg_islands
cpg_shores_2000
exons
Other
transcripts
genes
intergenics
promoters
introns
miscs
renlab_promoters
renlab_enhancers
ren_prom_shores_2000
enhancer_shores_2000
LINE
transcripts
genes
intergenics
promoters
miscs
renlab_promoters
renlab_enhancers
ren_prom_shores_2000
enhancer_shores_2000
LINE
cpg_islands
cpg_shores_2000
exons
introns
transcripts
genes
intergenics
promoters
miscs
cpg_islands
cpg_shores_2000
renlab_promoters
renlab_enhancers
ren_prom_shores_2000
exons
enhancer_shores_2000
LINE
introns
transcripts
genes
SINE
intergenics
promoters
miscs
renlab_promoters
renlab_enhancers
ren_prom_shores_2000
enhancer_shores_2000
LINE
SINE
SINE
RNA
SINE
RNA
RNA
DNA
DNA
RNA
DNA
Satellite
Satellite
DNA
Satellite
LTR
LTR
Satellite
LTR
Other
LTR
Other
Other
cpg_islands
cpg_shores_2000
exons
introns
cpg_islands
cpg_shores_2000
exons
Other
transcripts
genes
intergenics
promoters
introns
miscs
renlab_promoters
renlab_enhancers
ren_prom_shores_2000
enhancer_shores_2000
LINE
transcripts
genes
intergenics
promoters
miscs
renlab_promoters
renlab_enhancers
ren_prom_shores_2000
enhancer_shores_2000
LINE
cpg_islands
cpg_shores_2000
exons
introns
transcripts
genes
intergenics
promoters
miscs
renlab_promoters
renlab_enhancers
ren_prom_shores_2000
enhancer_shores_2000
LINE
cpg_islands
cpg_shores_2000
exons
introns
transcripts
genes
intergenics
promoters
miscs
SINE
renlab_promoters
renlab_enhancers
ren_prom_shores_2000
enhancer_shores_2000
LINE
SINE
SINE
SINE
RNA
RNA
RNA
DNA
DNA
RNA
DNA
Satellite
DNA
Satellite
Satellite
LTR
Satellite
LTR
LTR
Other
LTR
Other
Other
cpg_islands
cpg_shores_2000
exons
introns
Other
transcripts
cpg_islands
cpg_shores_2000
exons
genes
intergenics
promoters
miscs
renlab_promoters
renlab_enhancers
ren_prom_shores_2000
enhancer_shores_2000
LINE
introns
transcripts
genes
intergenics
promoters
miscs
cpg_islands
cpg_shores_2000
exons
renlab_promoters
renlab_enhancers
ren_prom_shores_2000
enhancer_shores_2000
LINE
introns
transcripts
genes
intergenics
promoters
miscs
renlab_promoters
renlab_enhancers
ren_prom_shores_2000
enhancer_shores_2000
LINE
cpg_islands
cpg_shores_2000
exons
introns
transcripts
genes
intergenics
promoters
miscs
SINE
renlab_promoters
renlab_enhancers
ren_prom_shores_2000
enhancer_shores_2000
LINE
SINE
SINE
SINE
RNA
RNA
RNA
DNA
RNA
DNA
DNA
Satellite
DNA
Satellite
Satellite
LTR
Satellite
LTR
LTR
Other
LTR
Other
Other
cpg_islands
cpg_shores_2000
exons
introns
Other
cpg_islands
cpg_shores_2000
exons
transcripts
genes
intergenics
promoters
miscs
introns
renlab_promoters
renlab_enhancers
ren_prom_shores_2000
enhancer_shores_2000
LINE
transcripts
genes
intergenics
promoters
miscs
renlab_promoters
renlab_enhancers
ren_prom_shores_2000
cpg_islands
cpg_shores_2000
enhancer_shores_2000
exons
LINE
introns
transcripts
genes
intergenics
promoters
miscs
renlab_promoters
renlab_enhancers
cpg_islands
ren_prom_shores_2000
cpg_shores_2000
enhancer_shores_2000
exons
LINE
introns
transcripts
genes
intergenics
promoters
miscs
renlab_promoters
renlab_enhancers
ren_prom_shores_2000
enhancer_shores_2000
LINE
SINE
SINE
SINE
SINE
RNA
RNA
RNA
DNA
RNA
DNA
DNA
Satellite
DNA
Satellite
Satellite
LTR
Satellite
LTR
LTR
Other
LTR
Other
Other
cpg_islands
cpg_shores_2000
exons
Other
introns
cpg_islands
cpg_shores_2000
transcripts
exons
genes
intergenics
promoters
miscs
renlab_promoters
renlab_enhancers
ren_prom_shores_2000
enhancer_shores_2000
introns
LINE
transcripts
genes
intergenics
promoters
miscs
cpg_islands
cpg_shores_2000
renlab_promoters
renlab_enhancers
exons
ren_prom_shores_2000
enhancer_shores_2000
LINE
introns
transcripts
genes
intergenics
promoters
miscs
renlab_promoters
renlab_enhancers
ren_prom_shores_2000
enhancer_shores_2000
cpg_islands
cpg_shores_2000
LINE
exons
introns
transcripts
genes
intergenics
promoters
miscs
renlab_promoters
renlab_enhancers
ren_prom_shores_2000
enhancer_shores_2000
LINE
SINE
SINE
SINE
SINE
RNA
RNA
RNA
DNA
RNA
DNA
DNA
Satellite
DNA
Satellite
Satellite
LTR
Satellite
LTR
LTR
Other
LTR
Other
Other
cpg_islands
cpg_shores_2000
exons
introns
Other
transcripts
cpg_islands
cpg_shores_2000
exons
genes
intergenics
promoters
miscs
renlab_promoters
renlab_enhancers
ren_prom_shores_2000
enhancer_shores_2000
LINE
introns
transcripts
genes
intergenics
promoters
miscs
cpg_islands
cpg_shores_2000
exons
renlab_promoters
renlab_enhancers
ren_prom_shores_2000
enhancer_shores_2000
LINE
introns
transcripts
genes
intergenics
promoters
miscs
cpg_islands
cpg_shores_2000
renlab_promoters
exons
renlab_enhancers
ren_prom_shores_2000
enhancer_shores_2000
LINE
introns
transcripts
genes
intergenics
promoters
miscs
renlab_promoters
renlab_enhancers
ren_prom_shores_2000
enhancer_shores_2000
LINE
SINE
SINE
SINE
SINE
RNA
RNA
RNA
DNA
RNA
DNA
DNA
Satellite
DNA
Satellite
Satellite
LTR
Satellite
LTR
LTR
LTR
Other
Other
Other
cpg_islands
cpg_shores_2000
Other
exons
introns
cpg_islands
cpg_shores_2000
exons
transcripts
genes
intergenics
promoters
miscs
introns
renlab_promoters
renlab_enhancers
ren_prom_shores_2000
enhancer_shores_2000
LINE
transcripts
genes
intergenics
cpg_islands
promoters
cpg_shores_2000
exons
miscs
renlab_promoters
renlab_enhancers
ren_prom_shores_2000
enhancer_shores_2000
LINE
introns
transcripts
genes
cpg_islands
cpg_shores_2000
intergenics
exons
promoters
miscs
renlab_promoters
renlab_enhancers
ren_prom_shores_2000
enhancer_shores_2000
LINE
introns
transcripts
genes
intergenics
promoters
miscs
renlab_promoters
renlab_enhancers
ren_prom_shores_2000
enhancer_shores_2000
LINE
SINE
SINE
SINE
SINE
RNA
RNA
RNA
RNA
DNA
DNA
DNA
DNA
Satellite
Satellite
Satellite
Satellite
LTR
LTR
LTR
LTR
Other
Other
Other
Other
